[1004/114437.280:ERROR:viz_main_impl.cc(162)] Exiting GPU process due to errors during initialization
[1004/114437.523:ERROR:viz_main_impl.cc(162)] Exiting GPU process due to errors during initialization
[1004/114437.723:ERROR:gpu_init.cc(441)] Passthrough is not supported, GL is disabled
[1004/115845.291:WARNING:dns_config_service_win.cc(712)] Failed to read DnsConfig.
[1004/115845.302:WARNING:dns_config_service_win.cc(712)] Failed to read DnsConfig.
[1004/115845.333:WARNING:dns_config_service_win.cc(712)] Failed to read DnsConfig.
[1004/115845.350:WARNING:dns_config_service_win.cc(712)] Failed to read DnsConfig.
[1004/115848.526:WARNING:dns_config_service_win.cc(712)] Failed to read DnsConfig.
[1004/115848.526:WARNING:dns_config_service_win.cc(712)] Failed to read DnsConfig.
[1004/115849.352:WARNING:dns_config_service_win.cc(712)] Failed to read DnsConfig.
[1004/115849.362:WARNING:dns_config_service_win.cc(712)] Failed to read DnsConfig.
[1004/115850.310:WARNING:dns_config_service_win.cc(712)] Failed to read DnsConfig.
[1004/115850.327:WARNING:dns_config_service_win.cc(712)] Failed to read DnsConfig.
[1004/130049.470:WARNING:dns_config_service_win.cc(712)] Failed to read DnsConfig.
[1004/130049.470:WARNING:dns_config_service_win.cc(712)] Failed to read DnsConfig.
[1004/130049.855:WARNING:dns_config_service_win.cc(712)] Failed to read DnsConfig.
[1004/130049.871:WARNING:dns_config_service_win.cc(712)] Failed to read DnsConfig.
[1004/131658.918:INFO:CONSOLE(0)] "Access to XMLHttpRequest at 'file:///C:/Comp%20Sci/CS330/Lecture%20Notes/jQuery/7A-info.txt' from origin 'null' has been blocked by CORS policy: Cross origin requests are only supported for protocol schemes: http, data, chrome, chrome-extension, chrome-untrusted, https.", source: file:///C:/Comp%20Sci/CS330/Lecture%20Notes/jQuery/7A-jQuery-AJAX.html (0)
[1004/131716.808:INFO:CONSOLE(0)] "Access to XMLHttpRequest at 'file:///C:/Comp%20Sci/CS330/Lecture%20Notes/jQuery/7A-info.txt' from origin 'null' has been blocked by CORS policy: Cross origin requests are only supported for protocol schemes: http, data, chrome, chrome-extension, chrome-untrusted, https.", source: file:///C:/Comp%20Sci/CS330/Lecture%20Notes/jQuery/7A-jQuery-AJAX.html (0)
[1004/131716.937:INFO:CONSOLE(0)] "Access to XMLHttpRequest at 'file:///C:/Comp%20Sci/CS330/Lecture%20Notes/jQuery/7A-info.txt' from origin 'null' has been blocked by CORS policy: Cross origin requests are only supported for protocol schemes: http, data, chrome, chrome-extension, chrome-untrusted, https.", source: file:///C:/Comp%20Sci/CS330/Lecture%20Notes/jQuery/7A-jQuery-AJAX.html (0)
[1004/131721.170:INFO:CONSOLE(0)] "Access to XMLHttpRequest at 'file:///C:/Comp%20Sci/CS330/Lecture%20Notes/jQuery/7A-info.txt' from origin 'null' has been blocked by CORS policy: Cross origin requests are only supported for protocol schemes: http, data, chrome, chrome-extension, chrome-untrusted, https.", source: file:///C:/Comp%20Sci/CS330/Lecture%20Notes/jQuery/7A-jQuery-AJAX.html (0)
[1004/131721.573:INFO:CONSOLE(15)] "weather data received", source: file:///C:/Comp%20Sci/CS330/Lecture%20Notes/jQuery/7B-jQuery-AJAX-Weather.html (15)
[1004/131721.574:INFO:CONSOLE(16)] "[object Object]", source: file:///C:/Comp%20Sci/CS330/Lecture%20Notes/jQuery/7B-jQuery-AJAX-Weather.html (16)
[1004/131735.756:INFO:CONSOLE(15)] "weather data received", source: file:///C:/Comp%20Sci/CS330/Lecture%20Notes/jQuery/7B-jQuery-AJAX-Weather.html (15)
[1004/131735.756:INFO:CONSOLE(16)] "[object Object]", source: file:///C:/Comp%20Sci/CS330/Lecture%20Notes/jQuery/7B-jQuery-AJAX-Weather.html (16)
[1004/131737.451:INFO:CONSOLE(15)] "weather data received", source: file:///C:/Comp%20Sci/CS330/Lecture%20Notes/jQuery/7B-jQuery-AJAX-Weather.html (15)
[1004/131737.451:INFO:CONSOLE(16)] "[object Object]", source: file:///C:/Comp%20Sci/CS330/Lecture%20Notes/jQuery/7B-jQuery-AJAX-Weather.html (16)
[1004/131754.818:INFO:CONSOLE(15)] "weather data received", source: file:///C:/Comp%20Sci/CS330/Lecture%20Notes/jQuery/7B-jQuery-AJAX-Weather.html (15)
[1004/131754.818:INFO:CONSOLE(16)] "[object Object]", source: file:///C:/Comp%20Sci/CS330/Lecture%20Notes/jQuery/7B-jQuery-AJAX-Weather.html (16)
[1004/131756.361:INFO:CONSOLE(15)] "weather data received", source: file:///C:/Comp%20Sci/CS330/Lecture%20Notes/jQuery/7B-jQuery-AJAX-Weather.html (15)
[1004/131756.361:INFO:CONSOLE(16)] "[object Object]", source: file:///C:/Comp%20Sci/CS330/Lecture%20Notes/jQuery/7B-jQuery-AJAX-Weather.html (16)
[1004/131756.516:INFO:CONSOLE(15)] "weather data received", source: file:///C:/Comp%20Sci/CS330/Lecture%20Notes/jQuery/7B-jQuery-AJAX-Weather.html (15)
[1004/131756.517:INFO:CONSOLE(16)] "[object Object]", source: file:///C:/Comp%20Sci/CS330/Lecture%20Notes/jQuery/7B-jQuery-AJAX-Weather.html (16)
[1004/131807.217:INFO:CONSOLE(15)] "weather data received", source: file:///C:/Comp%20Sci/CS330/Lecture%20Notes/jQuery/7B-jQuery-AJAX-Weather.html (15)
[1004/131807.217:INFO:CONSOLE(16)] "[object Object]", source: file:///C:/Comp%20Sci/CS330/Lecture%20Notes/jQuery/7B-jQuery-AJAX-Weather.html (16)
[1004/131807.318:INFO:CONSOLE(15)] "weather data received", source: file:///C:/Comp%20Sci/CS330/Lecture%20Notes/jQuery/7B-jQuery-AJAX-Weather.html (15)
[1004/131807.318:INFO:CONSOLE(16)] "[object Object]", source: file:///C:/Comp%20Sci/CS330/Lecture%20Notes/jQuery/7B-jQuery-AJAX-Weather.html (16)
[1004/132318.450:INFO:CONSOLE(15)] "weather data received", source: file:///C:/Comp%20Sci/CS330/Lecture%20Notes/jQuery/7B-jQuery-AJAX-Weather.html (15)
[1004/132318.450:INFO:CONSOLE(16)] "[object Object]", source: file:///C:/Comp%20Sci/CS330/Lecture%20Notes/jQuery/7B-jQuery-AJAX-Weather.html (16)
[1004/132429.140:INFO:CONSOLE(15)] "weather data received", source: file:///C:/Comp%20Sci/CS330/Lecture%20Notes/jQuery/7B-jQuery-AJAX-Weather.html (15)
[1004/132429.140:INFO:CONSOLE(16)] "[object Object]", source: file:///C:/Comp%20Sci/CS330/Lecture%20Notes/jQuery/7B-jQuery-AJAX-Weather.html (16)
[1004/132458.249:INFO:CONSOLE(15)] "weather data received", source: file:///C:/Comp%20Sci/CS330/Lecture%20Notes/jQuery/7B-jQuery-AJAX-Weather.html (15)
[1004/132458.250:INFO:CONSOLE(16)] "[object Object]", source: file:///C:/Comp%20Sci/CS330/Lecture%20Notes/jQuery/7B-jQuery-AJAX-Weather.html (16)
[1004/132842.954:INFO:CONSOLE(15)] "weather data received", source: file:///C:/Comp%20Sci/CS330/Lecture%20Notes/jQuery/7B-jQuery-AJAX-Weather.html (15)
[1004/132842.954:INFO:CONSOLE(16)] "[object Object]", source: file:///C:/Comp%20Sci/CS330/Lecture%20Notes/jQuery/7B-jQuery-AJAX-Weather.html (16)
[1004/132849.265:INFO:CONSOLE(15)] "weather data received", source: file:///C:/Comp%20Sci/CS330/Lecture%20Notes/jQuery/7B-jQuery-AJAX-Weather.html (15)
[1004/132849.265:INFO:CONSOLE(16)] "[object Object]", source: file:///C:/Comp%20Sci/CS330/Lecture%20Notes/jQuery/7B-jQuery-AJAX-Weather.html (16)
[1004/132849.343:INFO:CONSOLE(15)] "weather data received", source: file:///C:/Comp%20Sci/CS330/Lecture%20Notes/jQuery/7B-jQuery-AJAX-Weather.html (15)
[1004/132849.343:INFO:CONSOLE(16)] "[object Object]", source: file:///C:/Comp%20Sci/CS330/Lecture%20Notes/jQuery/7B-jQuery-AJAX-Weather.html (16)
[1004/132909.717:INFO:CONSOLE(15)] "weather data received", source: file:///C:/Comp%20Sci/CS330/Lecture%20Notes/jQuery/7B-jQuery-AJAX-Weather.html (15)
[1004/132909.717:INFO:CONSOLE(16)] "[object Object]", source: file:///C:/Comp%20Sci/CS330/Lecture%20Notes/jQuery/7B-jQuery-AJAX-Weather.html (16)
[1004/133008.779:INFO:CONSOLE(15)] "weather data received", source: file:///C:/Comp%20Sci/CS330/Lecture%20Notes/jQuery/7B-jQuery-AJAX-Weather.html (15)
[1004/133008.779:INFO:CONSOLE(16)] "[object Object]", source: file:///C:/Comp%20Sci/CS330/Lecture%20Notes/jQuery/7B-jQuery-AJAX-Weather.html (16)
[1004/133043.822:INFO:CONSOLE(15)] "weather data received", source: file:///C:/Comp%20Sci/CS330/Lecture%20Notes/jQuery/7B-jQuery-AJAX-Weather.html (15)
[1004/133043.822:INFO:CONSOLE(16)] "[object Object]", source: file:///C:/Comp%20Sci/CS330/Lecture%20Notes/jQuery/7B-jQuery-AJAX-Weather.html (16)
[1004/140247.522:INFO:CONSOLE(38)] "wikipedia data received", source: file:///C:/Comp%20Sci/CS330/Lecture%20Notes/jQuery/7D-jQuery-AJAX-Wikipedia.html (38)
[1004/140247.523:INFO:CONSOLE(39)] "test,Test,Testosterone,Test cricket,Testicle,Test-driven development,Testosterone (medication),Test (wrestler),Testicular cancer,Testosterone undecanoate,Tests of general relativity,,,,,,,,,,,https://en.wikipedia.org/wiki/Test,https://en.wikipedia.org/wiki/Testosterone,https://en.wikipedia.org/wiki/Test_cricket,https://en.wikipedia.org/wiki/Testicle,https://en.wikipedia.org/wiki/Test-driven_development,https://en.wikipedia.org/wiki/Testosterone_(medication),https://en.wikipedia.org/wiki/Test_(wrestler),https://en.wikipedia.org/wiki/Testicular_cancer,https://en.wikipedia.org/wiki/Testosterone_undecanoate,https://en.wikipedia.org/wiki/Tests_of_general_relativity", source: file:///C:/Comp%20Sci/CS330/Lecture%20Notes/jQuery/7D-jQuery-AJAX-Wikipedia.html (39)
[1004/140252.001:INFO:CONSOLE(38)] "wikipedia data received", source: file:///C:/Comp%20Sci/CS330/Lecture%20Notes/jQuery/7D-jQuery-AJAX-Wikipedia.html (38)
[1004/140252.001:INFO:CONSOLE(39)] "time,Time,Time zone,Timeline of Russian interference in the 2016 United States elections,Time (magazine),Time 100,Time Person of the Year,Time travel,Timeline of the Russian invasion of Ukraine (1 August 2024 – present),Time complexity,Times Square,,,,,,,,,,,https://en.wikipedia.org/wiki/Time,https://en.wikipedia.org/wiki/Time_zone,https://en.wikipedia.org/wiki/Timeline_of_Russian_interference_in_the_2016_United_States_elections,https://en.wikipedia.org/wiki/Time_(magazine),https://en.wikipedia.org/wiki/Time_100,https://en.wikipedia.org/wiki/Time_Person_of_the_Year,https://en.wikipedia.org/wiki/Time_travel,https://en.wikipedia.org/wiki/Timeline_of_the_Russian_invasion_of_Ukraine_(1_August_2024_%E2%80%93_present),https://en.wikipedia.org/wiki/Time_complexity,https://en.wikipedia.org/wiki/Times_Square", source: file:///C:/Comp%20Sci/CS330/Lecture%20Notes/jQuery/7D-jQuery-AJAX-Wikipedia.html (39)
[1006/203612.632:INFO:CONSOLE(5)] "Uncaught ReferenceError: $ is not defined", source: file:///C:/Comp%20Sci/CS330/P2/Fall2024-Assignment2-lkelly3/wwwroot/script.js (5)
[1006/203614.262:INFO:CONSOLE(5)] "Uncaught ReferenceError: $ is not defined", source: file:///C:/Comp%20Sci/CS330/P2/Fall2024-Assignment2-lkelly3/wwwroot/script.js (5)
[1006/203617.025:INFO:CONSOLE(5)] "Uncaught ReferenceError: $ is not defined", source: file:///C:/Comp%20Sci/CS330/P2/Fall2024-Assignment2-lkelly3/wwwroot/script.js (5)
[1006/203632.957:INFO:CONSOLE(5)] "Uncaught ReferenceError: $ is not defined", source: file:///C:/Comp%20Sci/CS330/P2/Fall2024-Assignment2-lkelly3/wwwroot/script.js (5)
[1006/203757.072:INFO:CONSOLE(5)] "Uncaught ReferenceError: $ is not defined", source: file:///C:/Comp%20Sci/CS330/P2/Fall2024-Assignment2-lkelly3/wwwroot/script.js (5)
[1006/203758.518:INFO:CONSOLE(5)] "Uncaught ReferenceError: $ is not defined", source: file:///C:/Comp%20Sci/CS330/P2/Fall2024-Assignment2-lkelly3/wwwroot/script.js (5)
[1006/203807.700:INFO:CONSOLE(5)] "Uncaught ReferenceError: $ is not defined", source: file:///C:/Comp%20Sci/CS330/P2/Fall2024-Assignment2-lkelly3/wwwroot/script.js (5)
[1006/203837.977:INFO:CONSOLE(5)] "Uncaught ReferenceError: $ is not defined", source: file:///C:/Comp%20Sci/CS330/P2/Fall2024-Assignment2-lkelly3/wwwroot/script.js (5)
[1006/203843.896:INFO:CONSOLE(5)] "Uncaught ReferenceError: $ is not defined", source: file:///C:/Comp%20Sci/CS330/P2/Fall2024-Assignment2-lkelly3/wwwroot/script.js (5)
[1006/203844.160:INFO:CONSOLE(0)] "Access to XMLHttpRequest at 'file:///C:/Comp%20Sci/CS330/Lecture%20Notes/jQuery/7A-info.txt' from origin 'null' has been blocked by CORS policy: Cross origin requests are only supported for protocol schemes: http, data, chrome, chrome-extension, chrome-untrusted, https.", source: file:///C:/Comp%20Sci/CS330/Lecture%20Notes/jQuery/7A-jQuery-AJAX.html (0)
[1006/203848.553:INFO:CONSOLE(0)] "Access to XMLHttpRequest at 'file:///C:/Comp%20Sci/CS330/Lecture%20Notes/jQuery/7A-info.txt' from origin 'null' has been blocked by CORS policy: Cross origin requests are only supported for protocol schemes: http, data, chrome, chrome-extension, chrome-untrusted, https.", source: file:///C:/Comp%20Sci/CS330/Lecture%20Notes/jQuery/7A-jQuery-AJAX.html (0)
[1006/203905.069:INFO:CONSOLE(15)] "weather data received", source: file:///C:/Comp%20Sci/CS330/Lecture%20Notes/jQuery/7B-jQuery-AJAX-Weather.html (15)
[1006/203905.069:INFO:CONSOLE(16)] "[object Object]", source: file:///C:/Comp%20Sci/CS330/Lecture%20Notes/jQuery/7B-jQuery-AJAX-Weather.html (16)
[1006/203911.713:INFO:CONSOLE(15)] "weather data received", source: file:///C:/Comp%20Sci/CS330/Lecture%20Notes/jQuery/7B-jQuery-AJAX-Weather.html (15)
[1006/203911.713:INFO:CONSOLE(16)] "[object Object]", source: file:///C:/Comp%20Sci/CS330/Lecture%20Notes/jQuery/7B-jQuery-AJAX-Weather.html (16)
[1006/203911.853:INFO:CONSOLE(15)] "weather data received", source: file:///C:/Comp%20Sci/CS330/Lecture%20Notes/jQuery/7B-jQuery-AJAX-Weather.html (15)
[1006/203911.853:INFO:CONSOLE(16)] "[object Object]", source: file:///C:/Comp%20Sci/CS330/Lecture%20Notes/jQuery/7B-jQuery-AJAX-Weather.html (16)
[1006/203919.850:INFO:CONSOLE(15)] "weather data received", source: file:///C:/Comp%20Sci/CS330/Lecture%20Notes/jQuery/7B-jQuery-AJAX-Weather.html (15)
[1006/203919.850:INFO:CONSOLE(16)] "[object Object]", source: file:///C:/Comp%20Sci/CS330/Lecture%20Notes/jQuery/7B-jQuery-AJAX-Weather.html (16)
[1006/203936.580:INFO:CONSOLE(23)] "data received", source: file:///C:/Comp%20Sci/CS330/Lecture%20Notes/jQuery/7C-jQuery-AJAX-Address.html (23)
[1006/203936.580:INFO:CONSOLE(24)] "[object Object],[object Object],[object Object]", source: file:///C:/Comp%20Sci/CS330/Lecture%20Notes/jQuery/7C-jQuery-AJAX-Address.html (24)
[1006/204031.481:INFO:CONSOLE(5)] "Uncaught ReferenceError: $ is not defined", source: file:///C:/Comp%20Sci/CS330/P2/Fall2024-Assignment2-lkelly3/wwwroot/script.js (5)
[1006/204037.193:INFO:CONSOLE(5)] "Uncaught ReferenceError: $ is not defined", source: file:///C:/Comp%20Sci/CS330/P2/Fall2024-Assignment2-lkelly3/wwwroot/script.js (5)
[1006/204207.992:INFO:CONSOLE(5)] "Uncaught ReferenceError: $ is not defined", source: file:///C:/Comp%20Sci/CS330/P2/Fall2024-Assignment2-lkelly3/wwwroot/script.js (5)
[1006/204234.201:INFO:CONSOLE(5)] "Uncaught ReferenceError: $ is not defined", source: file:///C:/Comp%20Sci/CS330/P2/Fall2024-Assignment2-lkelly3/wwwroot/script.js (5)
[1006/204235.041:INFO:CONSOLE(5)] "Uncaught ReferenceError: $ is not defined", source: file:///C:/Comp%20Sci/CS330/P2/Fall2024-Assignment2-lkelly3/wwwroot/script.js (5)
[1006/204839.469:INFO:CONSOLE(5)] "Uncaught ReferenceError: $ is not defined", source: file:///C:/Comp%20Sci/CS330/P2/Fall2024-Assignment2-lkelly3/wwwroot/script.js (5)
[1006/204955.244:INFO:CONSOLE(5)] "Uncaught ReferenceError: $ is not defined", source: file:///C:/Comp%20Sci/CS330/P2/Fall2024-Assignment2-lkelly3/wwwroot/script.js (5)
[1006/205010.712:INFO:CONSOLE(5)] "Uncaught ReferenceError: $ is not defined", source: file:///C:/Comp%20Sci/CS330/P2/Fall2024-Assignment2-lkelly3/wwwroot/script.js (5)
[1006/205010.822:INFO:CONSOLE(5)] "Uncaught ReferenceError: $ is not defined", source: file:///C:/Comp%20Sci/CS330/P2/Fall2024-Assignment2-lkelly3/wwwroot/script.js (5)
[1006/205042.003:INFO:CONSOLE(5)] "Uncaught ReferenceError: $ is not defined", source: file:///C:/Comp%20Sci/CS330/P2/Fall2024-Assignment2-lkelly3/wwwroot/script.js (5)
[1006/205042.140:INFO:CONSOLE(5)] "Uncaught ReferenceError: $ is not defined", source: file:///C:/Comp%20Sci/CS330/P2/Fall2024-Assignment2-lkelly3/wwwroot/script.js (5)
[1006/205042.311:INFO:CONSOLE(5)] "Uncaught ReferenceError: $ is not defined", source: file:///C:/Comp%20Sci/CS330/P2/Fall2024-Assignment2-lkelly3/wwwroot/script.js (5)
[1006/205042.436:INFO:CONSOLE(5)] "Uncaught ReferenceError: $ is not defined", source: file:///C:/Comp%20Sci/CS330/P2/Fall2024-Assignment2-lkelly3/wwwroot/script.js (5)
[1006/205042.742:INFO:CONSOLE(5)] "Uncaught ReferenceError: $ is not defined", source: file:///C:/Comp%20Sci/CS330/P2/Fall2024-Assignment2-lkelly3/wwwroot/script.js (5)
[1006/205147.698:INFO:CONSOLE(5)] "Uncaught ReferenceError: $ is not defined", source: file:///C:/Comp%20Sci/CS330/P2/Fall2024-Assignment2-lkelly3/wwwroot/script.js (5)
[1006/205154.438:INFO:CONSOLE(5)] "Uncaught ReferenceError: $ is not defined", source: file:///C:/Comp%20Sci/CS330/P2/Fall2024-Assignment2-lkelly3/wwwroot/script.js (5)
[1006/205154.634:INFO:CONSOLE(5)] "Uncaught ReferenceError: $ is not defined", source: file:///C:/Comp%20Sci/CS330/P2/Fall2024-Assignment2-lkelly3/wwwroot/script.js (5)
[1006/205201.657:INFO:CONSOLE(5)] "Uncaught ReferenceError: $ is not defined", source: file:///C:/Comp%20Sci/CS330/P2/Fall2024-Assignment2-lkelly3/wwwroot/script.js (5)
[1006/205201.850:INFO:CONSOLE(5)] "Uncaught ReferenceError: $ is not defined", source: file:///C:/Comp%20Sci/CS330/P2/Fall2024-Assignment2-lkelly3/wwwroot/script.js (5)
[1006/205414.812:INFO:CONSOLE(11)] "Uncaught SyntaxError: Invalid or unexpected token", source: file:///C:/Comp%20Sci/CS330/P2/Fall2024-Assignment2-lkelly3/wwwroot/script.js (11)
[1006/205416.967:INFO:CONSOLE(11)] "Uncaught SyntaxError: Invalid or unexpected token", source: file:///C:/Comp%20Sci/CS330/P2/Fall2024-Assignment2-lkelly3/wwwroot/script.js (11)
[1006/205425.856:INFO:CONSOLE(11)] "Uncaught SyntaxError: Invalid or unexpected token", source: file:///C:/Comp%20Sci/CS330/P2/Fall2024-Assignment2-lkelly3/wwwroot/script.js (11)
[1006/205426.066:INFO:CONSOLE(11)] "Uncaught SyntaxError: Invalid or unexpected token", source: file:///C:/Comp%20Sci/CS330/P2/Fall2024-Assignment2-lkelly3/wwwroot/script.js (11)
[1006/205433.059:INFO:CONSOLE(11)] "Uncaught SyntaxError: Invalid or unexpected token", source: file:///C:/Comp%20Sci/CS330/P2/Fall2024-Assignment2-lkelly3/wwwroot/script.js (11)
[1006/205433.204:INFO:CONSOLE(11)] "Uncaught SyntaxError: Invalid or unexpected token", source: file:///C:/Comp%20Sci/CS330/P2/Fall2024-Assignment2-lkelly3/wwwroot/script.js (11)
[1006/205439.873:INFO:CONSOLE(11)] "Uncaught SyntaxError: Invalid or unexpected token", source: file:///C:/Comp%20Sci/CS330/P2/Fall2024-Assignment2-lkelly3/wwwroot/script.js (11)
[1006/205448.780:INFO:CONSOLE(11)] "Uncaught SyntaxError: Invalid or unexpected token", source: file:///C:/Comp%20Sci/CS330/P2/Fall2024-Assignment2-lkelly3/wwwroot/script.js (11)
[1006/205454.593:INFO:CONSOLE(6)] "Uncaught ReferenceError: $ is not defined", source: file:///C:/Comp%20Sci/CS330/P2/Fall2024-Assignment2-lkelly3/wwwroot/script.js (6)
[1006/205455.684:INFO:CONSOLE(6)] "Uncaught ReferenceError: $ is not defined", source: file:///C:/Comp%20Sci/CS330/P2/Fall2024-Assignment2-lkelly3/wwwroot/script.js (6)
[1006/205504.150:INFO:CONSOLE(6)] "Uncaught ReferenceError: $ is not defined", source: file:///C:/Comp%20Sci/CS330/P2/Fall2024-Assignment2-lkelly3/wwwroot/script.js (6)
[1006/205504.292:INFO:CONSOLE(6)] "Uncaught ReferenceError: $ is not defined", source: file:///C:/Comp%20Sci/CS330/P2/Fall2024-Assignment2-lkelly3/wwwroot/script.js (6)
[1006/205511.914:INFO:CONSOLE(6)] "Uncaught ReferenceError: $ is not defined", source: file:///C:/Comp%20Sci/CS330/P2/Fall2024-Assignment2-lkelly3/wwwroot/script.js (6)
[1006/205512.011:INFO:CONSOLE(6)] "Uncaught ReferenceError: $ is not defined", source: file:///C:/Comp%20Sci/CS330/P2/Fall2024-Assignment2-lkelly3/wwwroot/script.js (6)
[1006/205516.833:INFO:CONSOLE(6)] "Uncaught ReferenceError: $ is not defined", source: file:///C:/Comp%20Sci/CS330/P2/Fall2024-Assignment2-lkelly3/wwwroot/script.js (6)
[1006/205538.234:INFO:CONSOLE(6)] "Uncaught ReferenceError: $ is not defined", source: file:///C:/Comp%20Sci/CS330/P2/Fall2024-Assignment2-lkelly3/wwwroot/script.js (6)
[1006/205540.773:INFO:CONSOLE(6)] "Uncaught ReferenceError: $ is not defined", source: file:///C:/Comp%20Sci/CS330/P2/Fall2024-Assignment2-lkelly3/wwwroot/script.js (6)
[1006/205617.416:INFO:CONSOLE(6)] "Uncaught ReferenceError: $ is not defined", source: file:///C:/Comp%20Sci/CS330/P2/Fall2024-Assignment2-lkelly3/wwwroot/script.js (6)
[1006/205619.025:INFO:CONSOLE(6)] "Uncaught ReferenceError: $ is not defined", source: file:///C:/Comp%20Sci/CS330/P2/Fall2024-Assignment2-lkelly3/wwwroot/script.js (6)
[1006/205632.940:INFO:CONSOLE(6)] "Uncaught ReferenceError: $ is not defined", source: file:///C:/Comp%20Sci/CS330/P2/Fall2024-Assignment2-lkelly3/wwwroot/script.js (6)
[1006/205710.745:INFO:CONSOLE(6)] "Uncaught ReferenceError: $ is not defined", source: file:///C:/Comp%20Sci/CS330/P2/Fall2024-Assignment2-lkelly3/wwwroot/script.js (6)
[1006/205722.282:INFO:CONSOLE(6)] "Uncaught ReferenceError: $ is not defined", source: file:///C:/Comp%20Sci/CS330/P2/Fall2024-Assignment2-lkelly3/wwwroot/script.js (6)
[1006/205722.928:INFO:CONSOLE(6)] "Uncaught ReferenceError: $ is not defined", source: file:///C:/Comp%20Sci/CS330/P2/Fall2024-Assignment2-lkelly3/wwwroot/script.js (6)
[1006/205723.390:INFO:CONSOLE(6)] "Uncaught ReferenceError: $ is not defined", source: file:///C:/Comp%20Sci/CS330/P2/Fall2024-Assignment2-lkelly3/wwwroot/script.js (6)
[1006/205804.452:INFO:CONSOLE(6)] "Uncaught ReferenceError: $ is not defined", source: file:///C:/Comp%20Sci/CS330/P2/Fall2024-Assignment2-lkelly3/wwwroot/script.js (6)
[1006/205807.211:INFO:CONSOLE(6)] "Uncaught ReferenceError: $ is not defined", source: file:///C:/Comp%20Sci/CS330/P2/Fall2024-Assignment2-lkelly3/wwwroot/script.js (6)
[1006/205807.352:INFO:CONSOLE(6)] "Uncaught ReferenceError: $ is not defined", source: file:///C:/Comp%20Sci/CS330/P2/Fall2024-Assignment2-lkelly3/wwwroot/script.js (6)
[1006/205837.950:INFO:CONSOLE(6)] "Uncaught ReferenceError: $ is not defined", source: file:///C:/Comp%20Sci/CS330/P2/Fall2024-Assignment2-lkelly3/wwwroot/script.js (6)
[1006/205838.139:INFO:CONSOLE(6)] "Uncaught ReferenceError: $ is not defined", source: file:///C:/Comp%20Sci/CS330/P2/Fall2024-Assignment2-lkelly3/wwwroot/script.js (6)
[1006/205852.171:INFO:CONSOLE(6)] "Uncaught ReferenceError: $ is not defined", source: file:///C:/Comp%20Sci/CS330/P2/Fall2024-Assignment2-lkelly3/wwwroot/script.js (6)
[1006/205943.256:INFO:CONSOLE(6)] "Uncaught ReferenceError: $ is not defined", source: file:///C:/Comp%20Sci/CS330/P2/Fall2024-Assignment2-lkelly3/wwwroot/script.js (6)
[1006/205946.069:INFO:CONSOLE(6)] "Uncaught ReferenceError: $ is not defined", source: file:///C:/Comp%20Sci/CS330/P2/Fall2024-Assignment2-lkelly3/wwwroot/script.js (6)
[1006/205947.861:INFO:CONSOLE(6)] "Uncaught ReferenceError: $ is not defined", source: file:///C:/Comp%20Sci/CS330/P2/Fall2024-Assignment2-lkelly3/wwwroot/script.js (6)
[1006/205948.853:INFO:CONSOLE(6)] "Uncaught ReferenceError: $ is not defined", source: file:///C:/Comp%20Sci/CS330/P2/Fall2024-Assignment2-lkelly3/wwwroot/script.js (6)
[1006/205952.262:INFO:CONSOLE(6)] "Uncaught ReferenceError: $ is not defined", source: file:///C:/Comp%20Sci/CS330/P2/Fall2024-Assignment2-lkelly3/wwwroot/script.js (6)
[1006/205953.342:INFO:CONSOLE(6)] "Uncaught ReferenceError: $ is not defined", source: file:///C:/Comp%20Sci/CS330/P2/Fall2024-Assignment2-lkelly3/wwwroot/script.js (6)
[1006/205953.874:INFO:CONSOLE(6)] "Uncaught ReferenceError: $ is not defined", source: file:///C:/Comp%20Sci/CS330/P2/Fall2024-Assignment2-lkelly3/wwwroot/script.js (6)
[1006/205956.425:INFO:CONSOLE(6)] "Uncaught ReferenceError: $ is not defined", source: file:///C:/Comp%20Sci/CS330/P2/Fall2024-Assignment2-lkelly3/wwwroot/script.js (6)
[1006/205956.559:INFO:CONSOLE(6)] "Uncaught ReferenceError: $ is not defined", source: file:///C:/Comp%20Sci/CS330/P2/Fall2024-Assignment2-lkelly3/wwwroot/script.js (6)
[1006/210019.973:INFO:CONSOLE(6)] "Uncaught ReferenceError: $ is not defined", source: file:///C:/Comp%20Sci/CS330/P2/Fall2024-Assignment2-lkelly3/wwwroot/script.js (6)
[1006/210020.123:INFO:CONSOLE(6)] "Uncaught ReferenceError: $ is not defined", source: file:///C:/Comp%20Sci/CS330/P2/Fall2024-Assignment2-lkelly3/wwwroot/script.js (6)
[1006/210025.544:INFO:CONSOLE(6)] "Uncaught ReferenceError: $ is not defined", source: file:///C:/Comp%20Sci/CS330/P2/Fall2024-Assignment2-lkelly3/wwwroot/script.js (6)
[1006/210026.538:INFO:CONSOLE(6)] "Uncaught ReferenceError: $ is not defined", source: file:///C:/Comp%20Sci/CS330/P2/Fall2024-Assignment2-lkelly3/wwwroot/script.js (6)
[1006/210030.673:INFO:CONSOLE(6)] "Uncaught ReferenceError: $ is not defined", source: file:///C:/Comp%20Sci/CS330/P2/Fall2024-Assignment2-lkelly3/wwwroot/script.js (6)
[1006/210038.524:INFO:CONSOLE(6)] "Uncaught ReferenceError: $ is not defined", source: file:///C:/Comp%20Sci/CS330/P2/Fall2024-Assignment2-lkelly3/wwwroot/script.js (6)
[1006/210038.705:INFO:CONSOLE(6)] "Uncaught ReferenceError: $ is not defined", source: file:///C:/Comp%20Sci/CS330/P2/Fall2024-Assignment2-lkelly3/wwwroot/script.js (6)
[1006/210055.692:INFO:CONSOLE(6)] "Uncaught ReferenceError: $ is not defined", source: file:///C:/Comp%20Sci/CS330/P2/Fall2024-Assignment2-lkelly3/wwwroot/script.js (6)
[1006/210055.845:INFO:CONSOLE(6)] "Uncaught ReferenceError: $ is not defined", source: file:///C:/Comp%20Sci/CS330/P2/Fall2024-Assignment2-lkelly3/wwwroot/script.js (6)
[1006/210104.894:INFO:CONSOLE(6)] "Uncaught ReferenceError: $ is not defined", source: file:///C:/Comp%20Sci/CS330/P2/Fall2024-Assignment2-lkelly3/wwwroot/script.js (6)
[1006/210105.816:INFO:CONSOLE(6)] "Uncaught ReferenceError: $ is not defined", source: file:///C:/Comp%20Sci/CS330/P2/Fall2024-Assignment2-lkelly3/wwwroot/script.js (6)
[1006/210106.228:INFO:CONSOLE(6)] "Uncaught ReferenceError: $ is not defined", source: file:///C:/Comp%20Sci/CS330/P2/Fall2024-Assignment2-lkelly3/wwwroot/script.js (6)
[1006/210107.624:INFO:CONSOLE(6)] "Uncaught ReferenceError: $ is not defined", source: file:///C:/Comp%20Sci/CS330/P2/Fall2024-Assignment2-lkelly3/wwwroot/script.js (6)
[1006/210109.091:INFO:CONSOLE(6)] "Uncaught ReferenceError: $ is not defined", source: file:///C:/Comp%20Sci/CS330/P2/Fall2024-Assignment2-lkelly3/wwwroot/script.js (6)
[1006/210110.106:INFO:CONSOLE(6)] "Uncaught ReferenceError: $ is not defined", source: file:///C:/Comp%20Sci/CS330/P2/Fall2024-Assignment2-lkelly3/wwwroot/script.js (6)
[1006/210115.577:INFO:CONSOLE(6)] "Uncaught ReferenceError: $ is not defined", source: file:///C:/Comp%20Sci/CS330/P2/Fall2024-Assignment2-lkelly3/wwwroot/script.js (6)
[1006/210134.899:INFO:CONSOLE(6)] "Uncaught ReferenceError: $ is not defined", source: file:///C:/Comp%20Sci/CS330/P2/Fall2024-Assignment2-lkelly3/wwwroot/script.js (6)
[1006/210135.939:INFO:CONSOLE(6)] "Uncaught ReferenceError: $ is not defined", source: file:///C:/Comp%20Sci/CS330/P2/Fall2024-Assignment2-lkelly3/wwwroot/script.js (6)
[1006/210158.834:INFO:CONSOLE(6)] "Uncaught ReferenceError: $ is not defined", source: file:///C:/Comp%20Sci/CS330/P2/Fall2024-Assignment2-lkelly3/wwwroot/script.js (6)
[1006/210205.504:INFO:CONSOLE(6)] "Uncaught ReferenceError: $ is not defined", source: file:///C:/Comp%20Sci/CS330/P2/Fall2024-Assignment2-lkelly3/wwwroot/script.js (6)
[1006/210207.770:INFO:CONSOLE(6)] "Uncaught ReferenceError: $ is not defined", source: file:///C:/Comp%20Sci/CS330/P2/Fall2024-Assignment2-lkelly3/wwwroot/script.js (6)
[1006/210208.980:INFO:CONSOLE(6)] "Uncaught ReferenceError: $ is not defined", source: file:///C:/Comp%20Sci/CS330/P2/Fall2024-Assignment2-lkelly3/wwwroot/script.js (6)
[1006/210213.148:INFO:CONSOLE(6)] "Uncaught ReferenceError: $ is not defined", source: file:///C:/Comp%20Sci/CS330/P2/Fall2024-Assignment2-lkelly3/wwwroot/script.js (6)
[1006/210213.320:INFO:CONSOLE(6)] "Uncaught ReferenceError: $ is not defined", source: file:///C:/Comp%20Sci/CS330/P2/Fall2024-Assignment2-lkelly3/wwwroot/script.js (6)
[1006/210322.183:INFO:CONSOLE(6)] "Uncaught ReferenceError: $ is not defined", source: file:///C:/Comp%20Sci/CS330/P2/Fall2024-Assignment2-lkelly3/wwwroot/script.js (6)
[1006/210322.367:INFO:CONSOLE(6)] "Uncaught ReferenceError: $ is not defined", source: file:///C:/Comp%20Sci/CS330/P2/Fall2024-Assignment2-lkelly3/wwwroot/script.js (6)
[1006/210325.091:INFO:CONSOLE(6)] "Uncaught ReferenceError: $ is not defined", source: file:///C:/Comp%20Sci/CS330/P2/Fall2024-Assignment2-lkelly3/wwwroot/script.js (6)
[1006/210325.224:INFO:CONSOLE(6)] "Uncaught ReferenceError: $ is not defined", source: file:///C:/Comp%20Sci/CS330/P2/Fall2024-Assignment2-lkelly3/wwwroot/script.js (6)
[1006/210327.697:INFO:CONSOLE(6)] "Uncaught ReferenceError: $ is not defined", source: file:///C:/Comp%20Sci/CS330/P2/Fall2024-Assignment2-lkelly3/wwwroot/script.js (6)
[1006/210327.761:INFO:CONSOLE(6)] "Uncaught ReferenceError: $ is not defined", source: file:///C:/Comp%20Sci/CS330/P2/Fall2024-Assignment2-lkelly3/wwwroot/script.js (6)
[1006/210328.847:INFO:CONSOLE(6)] "Uncaught ReferenceError: $ is not defined", source: file:///C:/Comp%20Sci/CS330/P2/Fall2024-Assignment2-lkelly3/wwwroot/script.js (6)
[1006/210329.695:INFO:CONSOLE(6)] "Uncaught ReferenceError: $ is not defined", source: file:///C:/Comp%20Sci/CS330/P2/Fall2024-Assignment2-lkelly3/wwwroot/script.js (6)
[1006/210335.466:INFO:CONSOLE(8)] "Search Button clicked", source: file:///C:/Comp%20Sci/CS330/P2/Fall2024-Assignment2-lkelly3/wwwroot/script.js (8)
[1006/210336.468:INFO:CONSOLE(35)] "Uncaught TypeError: $(...).dialog is not a function", source: file:///C:/Comp%20Sci/CS330/P2/Fall2024-Assignment2-lkelly3/wwwroot/script.js (35)
[1006/210352.617:INFO:CONSOLE(8)] "Search Button clicked", source: file:///C:/Comp%20Sci/CS330/P2/Fall2024-Assignment2-lkelly3/wwwroot/script.js (8)
[1006/210353.250:INFO:CONSOLE(35)] "Uncaught TypeError: $(...).dialog is not a function", source: file:///C:/Comp%20Sci/CS330/P2/Fall2024-Assignment2-lkelly3/wwwroot/script.js (35)
[1006/211329.913:INFO:CONSOLE(8)] "Search Button clicked", source: file:///C:/Comp%20Sci/CS330/P2/Fall2024-Assignment2-lkelly3/wwwroot/script.js (8)
[1006/211330.932:INFO:CONSOLE(35)] "Uncaught TypeError: $(...).dialog is not a function", source: file:///C:/Comp%20Sci/CS330/P2/Fall2024-Assignment2-lkelly3/wwwroot/script.js (35)
[1006/211412.244:INFO:CONSOLE(8699)] "'window.webkitStorageInfo' is deprecated. Please use 'navigator.webkitTemporaryStorage' or 'navigator.webkitPersistentStorage' instead.", source: https://www.amazon.com/Balls/s?k=Balls (8699)
[1006/211413.874:INFO:CONSOLE(5)] "Unrecognized feature: 'attribution-reporting'.", source: https://m.media-amazon.com/images/I/21vARlfe4pL._RC%7C11s0wiXngEL.js_.js?AUIClients/ARARegisterTriggerSubAssets-search (5)
[1006/211415.286:INFO:CONSOLE(0)] "The resource https://images-na.ssl-images-amazon.com/images/S/apesafeframe/ape/sf/desktop/sf-1.50.ee33ade7.js was preloaded using link preload but not used within a few seconds from the window's load event. Please make sure it has an appropriate `as` value and it is preloaded intentionally.", source: https://www.amazon.com/Balls/s?k=Balls (0)
[1006/211415.286:INFO:CONSOLE(0)] "The resource https://images-na.ssl-images-amazon.com/images/S/apesafeframe/ape/sf/desktop/sf-1.50.d19bd989.html was preloaded using link preload but not used within a few seconds from the window's load event. Please make sure it has an appropriate `as` value and it is preloaded intentionally.", source: https://www.amazon.com/Balls/s?k=Balls (0)
[1006/211415.286:INFO:CONSOLE(0)] "The resource https://redirect.prod.experiment.routing.cloudfront.aws.a2z.com/x.png?timestamp=1728267254784 was preloaded using link preload but not used within a few seconds from the window's load event. Please make sure it has an appropriate `as` value and it is preloaded intentionally.", source: https://www.amazon.com/Balls/s?k=Balls (0)
[1006/212314.896:INFO:CONSOLE(8)] "Search Button clicked", source: file:///C:/Comp%20Sci/CS330/P2/Fall2024-Assignment2-lkelly3/wwwroot/script.js (8)
[1006/212315.813:INFO:CONSOLE(28)] "Uncaught TypeError: Cannot read property 'value' of undefined", source: file:///C:/Comp%20Sci/CS330/P2/Fall2024-Assignment2-lkelly3/wwwroot/script.js (28)
[1006/212318.456:INFO:CONSOLE(8)] "Search Button clicked", source: file:///C:/Comp%20Sci/CS330/P2/Fall2024-Assignment2-lkelly3/wwwroot/script.js (8)
[1006/215816.992:INFO:CONSOLE(8)] "Search Button clicked", source: file:///C:/Comp%20Sci/CS330/P2/Fall2024-Assignment2-lkelly3/wwwroot/script.js (8)
[1006/215940.507:INFO:CONSOLE(8)] "Search Button clicked", source: file:///C:/Comp%20Sci/CS330/P2/Fall2024-Assignment2-lkelly3/wwwroot/script.js (8)
[1006/215950.466:INFO:CONSOLE(8)] "Search Button clicked", source: file:///C:/Comp%20Sci/CS330/P2/Fall2024-Assignment2-lkelly3/wwwroot/script.js (8)
[1006/215955.334:INFO:CONSOLE(8)] "Search Button clicked", source: file:///C:/Comp%20Sci/CS330/P2/Fall2024-Assignment2-lkelly3/wwwroot/script.js (8)
[1006/215955.914:INFO:CONSOLE(28)] "Uncaught TypeError: Cannot read property 'value' of undefined", source: file:///C:/Comp%20Sci/CS330/P2/Fall2024-Assignment2-lkelly3/wwwroot/script.js (28)
[1006/220001.619:INFO:CONSOLE(8)] "Search Button clicked", source: file:///C:/Comp%20Sci/CS330/P2/Fall2024-Assignment2-lkelly3/wwwroot/script.js (8)
[1006/220355.837:INFO:CONSOLE(38)] "wikipedia data received", source: file:///C:/Comp%20Sci/CS330/Lecture%20Notes/jQuery/7D-jQuery-AJAX-Wikipedia.html (38)
[1006/220355.837:INFO:CONSOLE(39)] "hello,Hello,Hello Kitty,Hello (Adele song),Hello, Dolly! (musical),Hello Neighbor,"Hello, World!" program,Hello Venus,Helloween,Hello World (film),Hello! Project,,,,,,,,,,,https://en.wikipedia.org/wiki/Hello,https://en.wikipedia.org/wiki/Hello_Kitty,https://en.wikipedia.org/wiki/Hello_(Adele_song),https://en.wikipedia.org/wiki/Hello,_Dolly!_(musical),https://en.wikipedia.org/wiki/Hello_Neighbor,https://en.wikipedia.org/wiki/%22Hello,_World!%22_program,https://en.wikipedia.org/wiki/Hello_Venus,https://en.wikipedia.org/wiki/Helloween,https://en.wikipedia.org/wiki/Hello_World_(film),https://en.wikipedia.org/wiki/Hello!_Project", source: file:///C:/Comp%20Sci/CS330/Lecture%20Notes/jQuery/7D-jQuery-AJAX-Wikipedia.html (39)
[1006/220605.860:INFO:CONSOLE(8)] "Search Button clicked", source: file:///C:/Comp%20Sci/CS330/P2/Fall2024-Assignment2-lkelly3/wwwroot/script.js (8)
[1006/221529.282:WARNING:dns_config_service_win.cc(712)] Failed to read DnsConfig.
[1006/221529.306:WARNING:dns_config_service_win.cc(712)] Failed to read DnsConfig.
[1006/221529.341:WARNING:dns_config_service_win.cc(712)] Failed to read DnsConfig.
[1006/223751.450:WARNING:dns_config_service_win.cc(712)] Failed to read DnsConfig.
[1006/234916.467:WARNING:dns_config_service_win.cc(712)] Failed to read DnsConfig.
[1007/103933.355:WARNING:dns_config_service_win.cc(712)] Failed to read DnsConfig.
[1007/103933.585:WARNING:dns_config_service_win.cc(712)] Failed to read DnsConfig.
[1007/103937.700:WARNING:dns_config_service_win.cc(712)] Failed to read DnsConfig.
[1007/103938.144:WARNING:dns_config_service_win.cc(712)] Failed to read DnsConfig.
[1007/103938.372:WARNING:dns_config_service_win.cc(712)] Failed to read DnsConfig.
[1007/103938.611:WARNING:dns_config_service_win.cc(712)] Failed to read DnsConfig.
[1007/112304.201:INFO:CONSOLE(8)] "Search Button clicked", source: file:///C:/Comp%20Sci/CS330/P2/Fall2024-Assignment2-lkelly3/wwwroot/script.js (8)
[1007/112304.994:INFO:CONSOLE(38)] "Uncaught TypeError: Cannot read property 'value' of undefined", source: file:///C:/Comp%20Sci/CS330/P2/Fall2024-Assignment2-lkelly3/wwwroot/script.js (38)
[1007/112344.081:INFO:CONSOLE(8)] "Search Button clicked", source: file:///C:/Comp%20Sci/CS330/P2/Fall2024-Assignment2-lkelly3/wwwroot/script.js (8)
[1007/112344.629:INFO:CONSOLE(38)] "Uncaught TypeError: Cannot read property 'value' of undefined", source: file:///C:/Comp%20Sci/CS330/P2/Fall2024-Assignment2-lkelly3/wwwroot/script.js (38)
[1007/112344.631:INFO:CONSOLE(8)] "Search Button clicked", source: file:///C:/Comp%20Sci/CS330/P2/Fall2024-Assignment2-lkelly3/wwwroot/script.js (8)
[1007/112345.112:INFO:CONSOLE(8)] "Search Button clicked", source: file:///C:/Comp%20Sci/CS330/P2/Fall2024-Assignment2-lkelly3/wwwroot/script.js (8)
[1007/112345.130:INFO:CONSOLE(38)] "Uncaught TypeError: Cannot read property 'value' of undefined", source: file:///C:/Comp%20Sci/CS330/P2/Fall2024-Assignment2-lkelly3/wwwroot/script.js (38)
[1007/112345.564:INFO:CONSOLE(8)] "Search Button clicked", source: file:///C:/Comp%20Sci/CS330/P2/Fall2024-Assignment2-lkelly3/wwwroot/script.js (8)
[1007/112345.587:INFO:CONSOLE(38)] "Uncaught TypeError: Cannot read property 'value' of undefined", source: file:///C:/Comp%20Sci/CS330/P2/Fall2024-Assignment2-lkelly3/wwwroot/script.js (38)
[1007/112346.057:INFO:CONSOLE(38)] "Uncaught TypeError: Cannot read property 'value' of undefined", source: file:///C:/Comp%20Sci/CS330/P2/Fall2024-Assignment2-lkelly3/wwwroot/script.js (38)
[1007/112346.316:INFO:CONSOLE(8)] "Search Button clicked", source: file:///C:/Comp%20Sci/CS330/P2/Fall2024-Assignment2-lkelly3/wwwroot/script.js (8)
[1007/112346.874:INFO:CONSOLE(38)] "Uncaught TypeError: Cannot read property 'value' of undefined", source: file:///C:/Comp%20Sci/CS330/P2/Fall2024-Assignment2-lkelly3/wwwroot/script.js (38)
[1007/112346.935:INFO:CONSOLE(8)] "Search Button clicked", source: file:///C:/Comp%20Sci/CS330/P2/Fall2024-Assignment2-lkelly3/wwwroot/script.js (8)
[1007/112347.436:INFO:CONSOLE(38)] "Uncaught TypeError: Cannot read property 'value' of undefined", source: file:///C:/Comp%20Sci/CS330/P2/Fall2024-Assignment2-lkelly3/wwwroot/script.js (38)
[1007/112347.473:INFO:CONSOLE(8)] "Search Button clicked", source: file:///C:/Comp%20Sci/CS330/P2/Fall2024-Assignment2-lkelly3/wwwroot/script.js (8)
[1007/112348.000:INFO:CONSOLE(38)] "Uncaught TypeError: Cannot read property 'value' of undefined", source: file:///C:/Comp%20Sci/CS330/P2/Fall2024-Assignment2-lkelly3/wwwroot/script.js (38)
[1007/112348.028:INFO:CONSOLE(8)] "Search Button clicked", source: file:///C:/Comp%20Sci/CS330/P2/Fall2024-Assignment2-lkelly3/wwwroot/script.js (8)
[1007/112348.719:INFO:CONSOLE(38)] "Uncaught TypeError: Cannot read property 'value' of undefined", source: file:///C:/Comp%20Sci/CS330/P2/Fall2024-Assignment2-lkelly3/wwwroot/script.js (38)
[1007/112429.773:INFO:CONSOLE(20)] "Uncaught ReferenceError: colorChange2 is not defined", source: file:///C:/Comp%20Sci/CS330/P2/Fall2024-Assignment2-lkelly3/wwwroot/script.js (20)
[1007/112432.383:INFO:CONSOLE(20)] "Uncaught ReferenceError: colorChange2 is not defined", source: file:///C:/Comp%20Sci/CS330/P2/Fall2024-Assignment2-lkelly3/wwwroot/script.js (20)
[1007/112923.897:INFO:CONSOLE(8)] "Search Button clicked", source: file:///C:/Comp%20Sci/CS330/P2/Fall2024-Assignment2-lkelly3/wwwroot/script.js (8)
[1007/112936.228:INFO:CONSOLE(8)] "Search Button clicked", source: file:///C:/Comp%20Sci/CS330/P2/Fall2024-Assignment2-lkelly3/wwwroot/script.js (8)
[1007/112936.770:INFO:CONSOLE(8)] "Search Button clicked", source: file:///C:/Comp%20Sci/CS330/P2/Fall2024-Assignment2-lkelly3/wwwroot/script.js (8)
[1007/112936.788:INFO:CONSOLE(39)] "Uncaught TypeError: Cannot read property 'value' of undefined", source: file:///C:/Comp%20Sci/CS330/P2/Fall2024-Assignment2-lkelly3/wwwroot/script.js (39)
[1007/112937.259:INFO:CONSOLE(8)] "Search Button clicked", source: file:///C:/Comp%20Sci/CS330/P2/Fall2024-Assignment2-lkelly3/wwwroot/script.js (8)
[1007/112937.329:INFO:CONSOLE(39)] "Uncaught TypeError: Cannot read property 'value' of undefined", source: file:///C:/Comp%20Sci/CS330/P2/Fall2024-Assignment2-lkelly3/wwwroot/script.js (39)
[1007/112937.650:INFO:CONSOLE(8)] "Search Button clicked", source: file:///C:/Comp%20Sci/CS330/P2/Fall2024-Assignment2-lkelly3/wwwroot/script.js (8)
[1007/112937.754:INFO:CONSOLE(39)] "Uncaught TypeError: Cannot read property 'value' of undefined", source: file:///C:/Comp%20Sci/CS330/P2/Fall2024-Assignment2-lkelly3/wwwroot/script.js (39)
[1007/112938.218:INFO:CONSOLE(39)] "Uncaught TypeError: Cannot read property 'value' of undefined", source: file:///C:/Comp%20Sci/CS330/P2/Fall2024-Assignment2-lkelly3/wwwroot/script.js (39)
[1007/112938.277:INFO:CONSOLE(8)] "Search Button clicked", source: file:///C:/Comp%20Sci/CS330/P2/Fall2024-Assignment2-lkelly3/wwwroot/script.js (8)
[1007/112938.828:INFO:CONSOLE(39)] "Uncaught TypeError: Cannot read property 'value' of undefined", source: file:///C:/Comp%20Sci/CS330/P2/Fall2024-Assignment2-lkelly3/wwwroot/script.js (39)
[1007/113110.375:INFO:CONSOLE(8)] "Search Button clicked", source: file:///C:/Comp%20Sci/CS330/P2/Fall2024-Assignment2-lkelly3/wwwroot/script.js (8)
[1007/115329.225:WARNING:dns_config_service_win.cc(712)] Failed to read DnsConfig.
[1007/115332.134:WARNING:dns_config_service_win.cc(712)] Failed to read DnsConfig.
[1007/115333.700:WARNING:dns_config_service_win.cc(712)] Failed to read DnsConfig.
[1007/115333.741:WARNING:dns_config_service_win.cc(712)] Failed to read DnsConfig.
[1007/115334.256:WARNING:dns_config_service_win.cc(712)] Failed to read DnsConfig.
[1007/115400.788:INFO:CONSOLE(8)] "Search Button clicked", source: file:///C:/Comp%20Sci/CS330/P2/Fall2024-Assignment2-lkelly3/wwwroot/script.js (8)
[1007/115406.707:INFO:CONSOLE(8)] "Search Button clicked", source: file:///C:/Comp%20Sci/CS330/P2/Fall2024-Assignment2-lkelly3/wwwroot/script.js (8)
